TN:
SF:server\src\app.js
FN:12,(anonymous_0)
FN:27,(anonymous_1)
FN:44,(anonymous_2)
FN:62,(anonymous_3)
FN:78,(anonymous_4)
FN:105,(anonymous_5)
FNF:6
FNH:6
FNDA:8,(anonymous_0)
FNDA:4,(anonymous_1)
FNDA:2,(anonymous_2)
FNDA:2,(anonymous_3)
FNDA:2,(anonymous_4)
FNDA:1,(anonymous_5)
DA:1,1
DA:2,1
DA:3,1
DA:4,1
DA:5,1
DA:7,1
DA:9,1
DA:12,1
DA:13,8
DA:14,8
DA:15,8
DA:16,3
DA:18,5
DA:19,5
DA:20,5
DA:22,0
DA:27,1
DA:28,4
DA:29,4
DA:30,4
DA:32,4
DA:38,4
DA:40,0
DA:44,1
DA:45,2
DA:46,2
DA:47,2
DA:52,2
DA:53,1
DA:55,1
DA:62,1
DA:63,2
DA:64,2
DA:65,2
DA:66,1
DA:68,1
DA:70,0
DA:71,0
DA:73,0
DA:78,1
DA:79,2
DA:80,2
DA:81,2
DA:82,0
DA:86,2
DA:87,1
DA:90,1
DA:91,1
DA:92,1
DA:93,1
DA:95,1
DA:97,0
DA:98,0
DA:100,0
DA:105,1
DA:106,1
DA:107,1
DA:108,1
DA:109,0
DA:113,1
DA:114,0
DA:117,1
DA:118,1
DA:120,0
DA:121,0
DA:123,0
DA:127,1
LF:67
LH:53
BRDA:15,0,0,3
BRDA:15,0,1,5
BRDA:29,1,0,2
BRDA:29,2,0,2
BRDA:30,3,0,1
BRDA:30,3,1,3
BRDA:65,4,0,1
BRDA:65,4,1,1
BRDA:70,5,0,0
BRDA:70,5,1,0
BRDA:81,6,0,0
BRDA:81,6,1,2
BRDA:86,7,0,1
BRDA:86,7,1,1
BRDA:91,8,0,1
BRDA:91,8,1,0
BRDA:92,9,0,1
BRDA:92,9,1,0
BRDA:97,10,0,0
BRDA:97,10,1,0
BRDA:108,11,0,0
BRDA:108,11,1,1
BRDA:113,12,0,0
BRDA:113,12,1,1
BRDA:120,13,0,0
BRDA:120,13,1,0
BRF:26
BRH:15
end_of_record
TN:
SF:server\src\models\Post.js
FNF:0
FNH:0
DA:1,1
DA:3,1
DA:31,1
DA:33,1
LF:4
LH:4
BRF:0
BRH:0
end_of_record
TN:
SF:server\src\models\User.js
FNF:0
FNH:0
DA:1,1
DA:3,1
DA:25,1
DA:27,1
LF:4
LH:4
BRF:0
BRH:0
end_of_record
TN:
SF:server\src\utils\auth.js
FN:5,(anonymous_0)
FN:13,(anonymous_1)
FNF:2
FNH:2
FNDA:2,(anonymous_0)
FNDA:5,(anonymous_1)
DA:1,1
DA:3,1
DA:5,1
DA:6,2
DA:13,1
DA:14,5
DA:17,1
LF:7
LH:7
BRDA:3,0,0,1
BRDA:3,0,1,1
BRF:2
BRH:2
end_of_record
TN:
SF:server\tests\setupTestDb.js
FN:6,startTestDb
FN:59,stopTestDb
FNF:2
FNH:2
FNDA:1,startTestDb
FNDA:1,stopTestDb
DA:1,1
DA:2,1
DA:7,1
DA:8,1
DA:10,1
DA:11,0
DA:12,0
DA:13,0
DA:14,0
DA:15,0
DA:17,0
DA:18,0
DA:25,0
DA:26,0
DA:30,1
DA:31,0
DA:32,0
DA:35,1
DA:36,1
DA:37,1
DA:38,1
DA:41,1
DA:44,1
DA:45,1
DA:52,1
DA:54,0
DA:55,0
DA:60,1
DA:61,1
DA:62,1
DA:63,1
DA:64,1
DA:66,1
DA:68,0
DA:69,0
DA:73,1
LF:36
LH:21
BRDA:10,0,0,0
BRDA:10,0,1,1
BRDA:10,1,0,1
BRDA:10,1,1,0
BRDA:13,2,0,0
BRDA:13,2,1,0
BRDA:30,3,0,0
BRDA:30,3,1,1
BRDA:63,4,0,1
BRDA:63,4,1,0
BRF:10
BRH:4
end_of_record
